<?xml version="1.0" encoding="UTF-8"?>
<testsuite name="com.tedneward.example.TestPerson" tests="8" skipped="0" failures="0" errors="0" timestamp="2015-01-15T20:35:18" hostname="Hudson-PC" time="0.006">
  <properties/>
  <testcase name="setNameToNull" classname="com.tedneward.example.TestPerson" time="0.003"/>
  <testcase name="useAgeComparator" classname="com.tedneward.example.TestPerson" time="0.001"/>
  <testcase name="viewReadabletoString" classname="com.tedneward.example.TestPerson" time="0.0"/>
  <testcase name="setAgeToBeNegative" classname="com.tedneward.example.TestPerson" time="0.0"/>
  <testcase name="exerciseTheBasics" classname="com.tedneward.example.TestPerson" time="0.0"/>
  <testcase name="catchPropertyChange" classname="com.tedneward.example.TestPerson" time="0.001"/>
  <testcase name="useNaturalComparison" classname="com.tedneward.example.TestPerson" time="0.0"/>
  <testcase name="exercisePersonEquals" classname="com.tedneward.example.TestPerson" time="0.001"/>
  <system-out><![CDATA[]]></system-out>
  <system-err><![CDATA[]]></system-err>
</testsuite>
